#options: 640x360 fps=30000/1001 timebase=1001/30000 bitdepth=8 cabac=1 ref=1 deblock=1:0:0 analyse=0x1:0 me=dia subme=2 psy=1 psy_rd=1.00:0.00 mixed_ref=0 me_range=16 chroma_me=1 trellis=0 8x8dct=0 cqm=0 deadzone=21,11 fast_pskip=1 chroma_qp_offset=0 threads=6 lookahead_threads=2 sliced_threads=0 nr=0 decimate=1 interlaced=0 bluray_compat=0 constrained_intra=0 bframes=3 b_pyramid=2 b_adapt=1 b_bias=0 direct=3 weightb=1 open_gop=0 weightp=2 keyint=250 keyint_min=25 scenecut=40 intra_refresh=0 rc_lookahead=50 rc=cbr mbtree=1 bitrate=400 ratetol=1.0 qcomp=0.60 qpmin=0 qpmax=69 qpstep=4 vbv_maxrate=400 vbv_bufsize=800 nal_hrd=none filler=0 ip_ratio=1.40 aq=1:1.00
in:0 out:0 type:I dur:2 cpbdur:2 q:32.39 aq:25.60 tex:157876 mv:32407 misc:125 imb:920 pmb:0 smb:0 d:- ref:;
in:4 out:1 type:P dur:2 cpbdur:2 q:35.23 aq:30.75 tex:2881 mv:1482 misc:669 imb:1 pmb:207 smb:712 d:- ref:0 ;
in:2 out:2 type:B dur:2 cpbdur:2 q:35.23 aq:32.00 tex:9 mv:232 misc:247 imb:0 pmb:37 smb:883 d:s ref:0 ;
in:1 out:3 type:b dur:2 cpbdur:2 q:35.23 aq:34.00 tex:0 mv:31 misc:161 imb:0 pmb:4 smb:916 d:s ref:0 ;
in:3 out:4 type:b dur:2 cpbdur:2 q:35.23 aq:35.03 tex:65 mv:180 misc:227 imb:0 pmb:28 smb:892 d:- ref:0 ;
in:8 out:5 type:P dur:2 cpbdur:2 q:35.06 aq:29.02 tex:3774 mv:1524 misc:638 imb:0 pmb:215 smb:705 d:- ref:0 ;
in:6 out:6 type:B dur:2 cpbdur:2 q:35.22 aq:33.62 tex:752 mv:852 misc:348 imb:0 pmb:86 smb:834 d:s ref:0 ;
in:5 out:7 type:b dur:2 cpbdur:2 q:35.23 aq:34.00 tex:14 mv:294 misc:324 imb:0 pmb:71 smb:849 d:s ref:0 ;
in:7 out:8 type:b dur:2 cpbdur:2 q:35.22 aq:36.72 tex:92 mv:311 misc:285 imb:0 pmb:40 smb:880 d:- ref:0 ;
in:12 out:9 type:P dur:2 cpbdur:2 q:34.14 aq:28.97 tex:5931 mv:2084 misc:769 imb:2 pmb:308 smb:610 d:s ref:0 ;
in:10 out:10 type:B dur:2 cpbdur:2 q:35.01 aq:34.18 tex:609 mv:964 misc:467 imb:0 pmb:109 smb:811 d:t ref:0 ;
in:9 out:11 type:b dur:2 cpbdur:2 q:35.03 aq:35.57 tex:210 mv:465 misc:325 imb:0 pmb:55 smb:865 d:s ref:0 ;
in:11 out:12 type:b dur:2 cpbdur:2 q:34.99 aq:33.65 tex:37 mv:80 misc:235 imb:0 pmb:25 smb:895 d:- ref:0 ;
in:16 out:13 type:P dur:2 cpbdur:2 q:34.03 aq:29.88 tex:9632 mv:2515 misc:765 imb:9 pmb:320 smb:591 d:s ref:0 ;
in:14 out:14 type:B dur:2 cpbdur:2 q:34.60 aq:34.38 tex:819 mv:1090 misc:411 imb:1 pmb:97 smb:822 d:t ref:0 ;
in:13 out:15 type:b dur:2 cpbdur:2 q:34.80 aq:36.28 tex:238 mv:509 misc:341 imb:0 pmb:63 smb:857 d:s ref:0 ;
in:15 out:16 type:b dur:2 cpbdur:2 q:34.73 aq:32.74 tex:55 mv:175 misc:314 imb:0 pmb:52 smb:868 d:- ref:0 ;
in:20 out:17 type:P dur:2 cpbdur:2 q:34.23 aq:29.12 tex:21497 mv:4049 misc:718 imb:38 pmb:411 smb:471 d:s ref:0 ;
in:18 out:18 type:B dur:2 cpbdur:2 q:34.62 aq:32.80 tex:1654 mv:2234 misc:600 imb:0 pmb:198 smb:722 d:s ref:0 ;
in:17 out:19 type:b dur:2 cpbdur:2 q:34.75 aq:36.18 tex:174 mv:912 misc:426 imb:0 pmb:84 smb:836 d:s ref:0 ;
in:19 out:20 type:b dur:2 cpbdur:2 q:34.60 aq:35.04 tex:814 mv:1502 misc:532 imb:0 pmb:136 smb:784 d:- ref:0 ;
in:24 out:21 type:P dur:2 cpbdur:2 q:32.89 aq:28.44 tex:25108 mv:4344 misc:716 imb:51 pmb:487 smb:382 d:s ref:0 ;
in:22 out:22 type:B dur:2 cpbdur:2 q:34.33 aq:34.35 tex:1124 mv:1675 misc:577 imb:0 pmb:166 smb:754 d:s ref:0 ;
in:21 out:23 type:b dur:2 cpbdur:2 q:34.46 aq:32.32 tex:90 mv:220 misc:274 imb:0 pmb:37 smb:883 d:s ref:0 ;
in:23 out:24 type:b dur:2 cpbdur:2 q:34.32 aq:33.88 tex:1231 mv:1600 misc:513 imb:1 pmb:159 smb:760 d:- ref:0 ;
in:28 out:25 type:P dur:2 cpbdur:2 q:31.85 aq:26.25 tex:46859 mv:5003 misc:626 imb:112 pmb:478 smb:330 d:s ref:0 ;
in:26 out:26 type:B dur:2 cpbdur:2 q:32.97 aq:30.77 tex:9181 mv:4137 misc:610 imb:27 pmb:277 smb:616 d:t ref:0 ;
in:25 out:27 type:b dur:2 cpbdur:2 q:33.07 aq:33.95 tex:84 mv:348 misc:520 imb:0 pmb:134 smb:786 d:s ref:0 ;
in:27 out:28 type:b dur:2 cpbdur:2 q:32.98 aq:33.02 tex:2432 mv:2059 misc:461 imb:6 pmb:146 smb:768 d:- ref:0 ;
in:30 out:29 type:P dur:2 cpbdur:2 q:32.39 aq:26.29 tex:24216 mv:4059 misc:693 imb:25 pmb:482 smb:413 d:s ref:0 ;
in:29 out:30 type:b dur:2 cpbdur:2 q:32.35 aq:33.36 tex:1661 mv:1907 misc:528 imb:1 pmb:159 smb:760 d:t ref:0 ;
in:34 out:31 type:P dur:2 cpbdur:2 q:32.43 aq:27.27 tex:26100 mv:4213 misc:695 imb:61 pmb:433 smb:426 d:s ref:0 ;
in:32 out:32 type:B dur:2 cpbdur:2 q:32.72 aq:32.57 tex:2355 mv:1926 misc:503 imb:2 pmb:172 smb:746 d:s ref:0 ;
in:31 out:33 type:b dur:2 cpbdur:2 q:32.72 aq:30.68 tex:48 mv:203 misc:341 imb:0 pmb:59 smb:861 d:s ref:0 ;
in:33 out:34 type:b dur:2 cpbdur:2 q:32.72 aq:31.87 tex:2263 mv:1607 misc:514 imb:1 pmb:160 smb:759 d:- ref:0 ;
in:38 out:35 type:P dur:2 cpbdur:2 q:32.66 aq:27.23 tex:28309 mv:4197 misc:646 imb:58 pmb:403 smb:459 d:s ref:0 ;
in:36 out:36 type:B dur:2 cpbdur:2 q:32.78 aq:30.61 tex:4664 mv:2864 misc:600 imb:1 pmb:220 smb:699 d:t ref:0 ;
in:35 out:37 type:b dur:2 cpbdur:2 q:32.96 aq:32.58 tex:57 mv:259 misc:444 imb:0 pmb:92 smb:828 d:s ref:0 ;
in:37 out:38 type:b dur:2 cpbdur:2 q:32.80 aq:34.44 tex:1816 mv:1347 misc:413 imb:2 pmb:125 smb:793 d:- ref:0 ;
in:40 out:39 type:P dur:2 cpbdur:2 q:32.40 aq:25.73 tex:38182 mv:4042 misc:768 imb:36 pmb:472 smb:412 d:s ref:0 ;
in:39 out:40 type:b dur:2 cpbdur:2 q:32.77 aq:33.26 tex:2196 mv:2019 misc:441 imb:5 pmb:126 smb:789 d:t ref:0 ;
in:44 out:41 type:P dur:2 cpbdur:2 q:32.30 aq:26.16 tex:20410 mv:3138 misc:708 imb:13 pmb:415 smb:492 d:s ref:0 ;
in:42 out:42 type:B dur:2 cpbdur:2 q:32.58 aq:33.12 tex:844 mv:989 misc:439 imb:0 pmb:89 smb:831 d:t ref:0 ;
in:41 out:43 type:b dur:2 cpbdur:2 q:32.58 aq:29.00 tex:9 mv:165 misc:274 imb:0 pmb:34 smb:886 d:s ref:0 ;
in:43 out:44 type:b dur:2 cpbdur:2 q:32.57 aq:32.47 tex:342 mv:400 misc:394 imb:0 pmb:70 smb:850 d:- ref:0 ;
in:48 out:45 type:P dur:2 cpbdur:2 q:32.45 aq:26.65 tex:20170 mv:2808 misc:710 imb:17 pmb:381 smb:522 d:s ref:0 ;
in:46 out:46 type:B dur:2 cpbdur:2 q:32.53 aq:31.57 tex:2227 mv:1492 misc:513 imb:1 pmb:127 smb:792 d:t ref:0 ;
in:45 out:47 type:b dur:2 cpbdur:2 q:32.66 aq:35.03 tex:47 mv:302 misc:411 imb:0 pmb:82 smb:838 d:s ref:0 ;
in:47 out:48 type:b dur:2 cpbdur:2 q:32.58 aq:34.34 tex:612 mv:399 misc:325 imb:0 pmb:46 smb:874 d:- ref:0 ;
in:50 out:49 type:P dur:2 cpbdur:2 q:32.15 aq:26.21 tex:19042 mv:2673 misc:797 imb:14 pmb:419 smb:487 d:s ref:0 ;
in:49 out:50 type:b dur:2 cpbdur:2 q:32.46 aq:34.96 tex:590 mv:901 misc:357 imb:0 pmb:71 smb:849 d:t ref:0 ;
in:54 out:51 type:P dur:2 cpbdur:2 q:31.62 aq:26.36 tex:16835 mv:2543 misc:870 imb:11 pmb:396 smb:513 d:s ref:0 ;
in:52 out:52 type:B dur:2 cpbdur:2 q:32.23 aq:32.09 tex:433 mv:792 misc:399 imb:0 pmb:81 smb:839 d:s ref:0 ;
in:51 out:53 type:b dur:2 cpbdur:2 q:32.30 aq:29.00 tex:5 mv:40 misc:179 imb:0 pmb:9 smb:911 d:s ref:0 ;
in:53 out:54 type:b dur:2 cpbdur:2 q:32.28 aq:31.51 tex:357 mv:587 misc:400 imb:0 pmb:76 smb:844 d:- ref:0 ;
in:58 out:55 type:P dur:2 cpbdur:2 q:31.50 aq:25.96 tex:22969 mv:3378 misc:781 imb:29 pmb:394 smb:497 d:s ref:0 ;
in:56 out:56 type:B dur:2 cpbdur:2 q:31.74 aq:30.13 tex:4355 mv:2205 misc:544 imb:2 pmb:171 smb:747 d:s ref:0 ;
in:55 out:57 type:b dur:2 cpbdur:2 q:32.00 aq:21.32 tex:46 mv:131 misc:319 imb:0 pmb:59 smb:861 d:s ref:0 ;
in:57 out:58 type:b dur:2 cpbdur:2 q:31.81 aq:34.33 tex:1049 mv:1166 misc:409 imb:0 pmb:113 smb:807 d:- ref:0 ;
in:60 out:59 type:P dur:2 cpbdur:2 q:31.54 aq:25.34 tex:34669 mv:4093 misc:750 imb:56 pmb:475 smb:389 d:s ref:0 ;
in:59 out:60 type:b dur:2 cpbdur:2 q:31.83 aq:34.06 tex:3678 mv:2429 misc:413 imb:8 pmb:146 smb:766 d:t ref:0 ;
in:64 out:61 type:P dur:2 cpbdur:2 q:31.08 aq:25.35 tex:34884 mv:3678 misc:806 imb:36 pmb:478 smb:406 d:s ref:0 ;
in:62 out:62 type:B dur:2 cpbdur:2 q:31.54 aq:32.70 tex:1635 mv:1693 misc:504 imb:0 pmb:141 smb:779 d:s ref:0 ;
in:61 out:63 type:b dur:2 cpbdur:2 q:31.54 aq:29.32 tex:64 mv:319 misc:305 imb:0 pmb:57 smb:863 d:s ref:0 ;
in:63 out:64 type:b dur:2 cpbdur:2 q:31.53 aq:29.38 tex:1367 mv:1212 misc:437 imb:2 pmb:110 smb:808 d:- ref:0 ;
in:68 out:65 type:P dur:2 cpbdur:2 q:31.23 aq:25.76 tex:22698 mv:3203 misc:779 imb:23 pmb:405 smb:492 d:s ref:0 ;
in:66 out:66 type:B dur:2 cpbdur:2 q:31.30 aq:30.31 tex:6184 mv:2446 misc:562 imb:5 pmb:180 smb:735 d:s ref:0 ;
in:65 out:67 type:b dur:2 cpbdur:2 q:31.40 aq:21.25 tex:33 mv:161 misc:374 imb:0 pmb:67 smb:853 d:s ref:0 ;
in:67 out:68 type:b dur:2 cpbdur:2 q:31.31 aq:33.05 tex:973 mv:1116 misc:431 imb:1 pmb:102 smb:817 d:- ref:0 ;
in:72 out:69 type:P dur:2 cpbdur:2 q:31.44 aq:26.18 tex:24277 mv:3443 misc:680 imb:29 pmb:401 smb:490 d:s ref:0 ;
in:70 out:70 type:B dur:2 cpbdur:2 q:31.46 aq:29.94 tex:3935 mv:1626 misc:535 imb:1 pmb:180 smb:739 d:s ref:0 ;
in:69 out:71 type:b dur:2 cpbdur:2 q:31.54 aq:33.26 tex:2423 mv:1785 misc:400 imb:2 pmb:132 smb:786 d:s ref:0 ;
in:71 out:72 type:b dur:2 cpbdur:2 q:31.47 aq:33.13 tex:37 mv:93 misc:246 imb:0 pmb:32 smb:888 d:- ref:0 ;
in:75 out:73 type:P dur:2 cpbdur:2 q:31.35 aq:25.69 tex:30951 mv:3836 misc:717 imb:57 pmb:395 smb:468 d:s ref:0 ;
in:73 out:74 type:B dur:2 cpbdur:2 q:31.57 aq:32.38 tex:6407 mv:2715 misc:478 imb:6 pmb:214 smb:700 d:s ref:0 ;
in:74 out:75 type:b dur:2 cpbdur:2 q:31.57 aq:33.32 tex:2429 mv:1335 misc:532 imb:2 pmb:156 smb:762 d:- ref:0 ;
in:79 out:76 type:P dur:2 cpbdur:2 q:31.35 aq:26.39 tex:28809 mv:3689 misc:678 imb:80 pmb:332 smb:508 d:s ref:0 ;
in:77 out:77 type:B dur:2 cpbdur:2 q:31.58 aq:32.17 tex:3765 mv:2232 misc:523 imb:6 pmb:176 smb:738 d:s ref:0 ;
in:76 out:78 type:b dur:2 cpbdur:2 q:31.59 aq:29.00 tex:22 mv:289 misc:353 imb:0 pmb:70 smb:850 d:s ref:0 ;
in:78 out:79 type:b dur:2 cpbdur:2 q:31.57 aq:33.54 tex:5938 mv:2715 misc:451 imb:23 pmb:169 smb:728 d:- ref:0 ;
in:83 out:80 type:P dur:2 cpbdur:2 q:31.19 aq:26.11 tex:33809 mv:4006 misc:649 imb:80 pmb:379 smb:461 d:s ref:0 ;
in:81 out:81 type:B dur:2 cpbdur:2 q:31.45 aq:29.43 tex:9545 mv:3403 misc:548 imb:21 pmb:217 smb:682 d:s ref:0 ;
in:80 out:82 type:b dur:2 cpbdur:2 q:31.55 aq:27.27 tex:61 mv:210 misc:377 imb:0 pmb:72 smb:848 d:s ref:0 ;
in:82 out:83 type:b dur:2 cpbdur:2 q:31.46 aq:32.68 tex:2937 mv:1865 misc:462 imb:10 pmb:149 smb:761 d:- ref:0 ;
in:87 out:84 type:P dur:2 cpbdur:2 q:31.09 aq:25.60 tex:30491 mv:3334 misc:703 imb:64 pmb:354 smb:502 d:s ref:0 ;
in:85 out:85 type:B dur:2 cpbdur:2 q:31.19 aq:29.79 tex:4716 mv:1392 misc:540 imb:4 pmb:176 smb:740 d:s ref:0 ;
in:84 out:86 type:b dur:2 cpbdur:2 q:31.31 aq:31.27 tex:3310 mv:1802 misc:392 imb:7 pmb:135 smb:778 d:s ref:0 ;
in:86 out:87 type:b dur:2 cpbdur:2 q:31.19 aq:31.98 tex:42 mv:161 misc:301 imb:0 pmb:47 smb:873 d:- ref:0 ;
in:91 out:88 type:P dur:2 cpbdur:2 q:31.05 aq:25.19 tex:35052 mv:3821 misc:719 imb:92 pmb:393 smb:435 d:s ref:0 ;
in:89 out:89 type:B dur:2 cpbdur:2 q:31.12 aq:30.47 tex:5281 mv:2236 misc:507 imb:7 pmb:193 smb:720 d:s ref:0 ;
in:88 out:90 type:b dur:2 cpbdur:2 q:31.24 aq:33.19 tex:3225 mv:2058 misc:421 imb:5 pmb:145 smb:770 d:s ref:0 ;
in:90 out:91 type:b dur:2 cpbdur:2 q:31.12 aq:27.96 tex:157 mv:198 misc:445 imb:0 pmb:93 smb:827 d:- ref:0 ;
in:95 out:92 type:P dur:2 cpbdur:2 q:30.92 aq:24.33 tex:46643 mv:3924 misc:745 imb:116 pmb:381 smb:423 d:s ref:0 ;
in:93 out:93 type:B dur:2 cpbdur:2 q:31.08 aq:30.57 tex:8688 mv:2916 misc:500 imb:21 pmb:201 smb:698 d:t ref:0 ;
in:92 out:94 type:b dur:2 cpbdur:2 q:31.21 aq:32.01 tex:3578 mv:1686 misc:424 imb:11 pmb:129 smb:780 d:s ref:0 ;
in:94 out:95 type:b dur:2 cpbdur:2 q:31.07 aq:30.55 tex:3094 mv:1698 misc:440 imb:2 pmb:141 smb:777 d:- ref:0 ;
in:99 out:96 type:P dur:2 cpbdur:2 q:30.95 aq:25.18 tex:31155 mv:3643 misc:714 imb:56 pmb:372 smb:492 d:s ref:0 ;
in:97 out:97 type:B dur:2 cpbdur:2 q:30.99 aq:30.72 tex:3450 mv:1908 misc:530 imb:2 pmb:158 smb:760 d:s ref:0 ;
in:96 out:98 type:b dur:2 cpbdur:2 q:31.22 aq:28.00 tex:9 mv:181 misc:306 imb:0 pmb:41 smb:879 d:s ref:0 ;
in:98 out:99 type:b dur:2 cpbdur:2 q:30.99 aq:32.25 tex:3316 mv:1983 misc:461 imb:3 pmb:143 smb:774 d:- ref:0 ;
in:101 out:100 type:P dur:2 cpbdur:2 q:31.10 aq:25.25 tex:22263 mv:2725 misc:788 imb:15 pmb:420 smb:485 d:s ref:0 ;
in:100 out:101 type:b dur:2 cpbdur:2 q:31.24 aq:21.03 tex:36 mv:109 misc:383 imb:0 pmb:63 smb:857 d:s ref:0 ;
in:105 out:102 type:P dur:2 cpbdur:2 q:31.11 aq:24.52 tex:37504 mv:3779 misc:749 imb:35 pmb:426 smb:459 d:s ref:0 ;
in:103 out:103 type:B dur:2 cpbdur:2 q:31.24 aq:31.51 tex:4961 mv:2418 misc:533 imb:0 pmb:187 smb:733 d:s ref:0 ;
in:102 out:104 type:b dur:2 cpbdur:2 q:31.25 aq:33.13 tex:2012 mv:1380 misc:400 imb:1 pmb:108 smb:811 d:s ref:0 ;
in:104 out:105 type:b dur:2 cpbdur:2 q:31.23 aq:34.02 tex:593 mv:691 misc:372 imb:0 pmb:83 smb:837 d:- ref:0 ;
in:109 out:106 type:P dur:2 cpbdur:2 q:30.63 aq:25.00 tex:19255 mv:2759 misc:818 imb:12 pmb:417 smb:491 d:s ref:0 ;
in:107 out:107 type:B dur:2 cpbdur:2 q:31.16 aq:31.12 tex:680 mv:873 misc:431 imb:0 pmb:96 smb:824 d:s ref:0 ;
in:106 out:108 type:b dur:2 cpbdur:2 q:31.33 aq:28.00 tex:6 mv:33 misc:193 imb:0 pmb:13 smb:907 d:s ref:0 ;
in:108 out:109 type:b dur:2 cpbdur:2 q:31.16 aq:31.96 tex:917 mv:843 misc:360 imb:0 pmb:77 smb:843 d:- ref:0 ;
in:111 out:110 type:P dur:2 cpbdur:2 q:30.75 aq:25.03 tex:18919 mv:2947 misc:830 imb:26 pmb:418 smb:476 d:s ref:0 ;
in:110 out:111 type:b dur:2 cpbdur:2 q:30.90 aq:28.05 tex:92 mv:136 misc:428 imb:0 pmb:83 smb:837 d:s ref:0 ;
in:115 out:112 type:P dur:2 cpbdur:2 q:31.14 aq:24.84 tex:46257 mv:4348 misc:667 imb:120 pmb:354 smb:446 d:s ref:0 ;
in:113 out:113 type:B dur:2 cpbdur:2 q:31.35 aq:30.29 tex:9663 mv:4138 misc:551 imb:22 pmb:261 smb:637 d:s ref:0 ;
in:112 out:114 type:b dur:2 cpbdur:2 q:31.36 aq:31.20 tex:2441 mv:2008 misc:527 imb:4 pmb:171 smb:745 d:s ref:0 ;
in:114 out:115 type:b dur:2 cpbdur:2 q:31.35 aq:30.72 tex:3319 mv:2259 misc:566 imb:4 pmb:203 smb:713 d:- ref:0 ;
in:119 out:116 type:P dur:2 cpbdur:2 q:30.79 aq:24.51 tex:35337 mv:3871 misc:680 imb:51 pmb:417 smb:452 d:s ref:0 ;
in:117 out:117 type:B dur:2 cpbdur:2 q:31.24 aq:31.56 tex:2104 mv:1780 misc:540 imb:4 pmb:163 smb:753 d:s ref:0 ;
in:116 out:118 type:b dur:2 cpbdur:2 q:31.41 aq:28.00 tex:10 mv:185 misc:341 imb:0 pmb:55 smb:865 d:s ref:0 ;
in:118 out:119 type:b dur:2 cpbdur:2 q:31.23 aq:30.01 tex:1801 mv:1435 misc:484 imb:1 pmb:143 smb:776 d:- ref:0 ;
in:123 out:120 type:P dur:2 cpbdur:2 q:30.70 aq:24.07 tex:30506 mv:3331 misc:715 imb:46 pmb:389 smb:485 d:s ref:0 ;
in:121 out:121 type:B dur:2 cpbdur:2 q:30.95 aq:27.56 tex:5669 mv:2600 misc:531 imb:7 pmb:202 smb:711 d:s ref:0 ;
in:120 out:122 type:b dur:2 cpbdur:2 q:31.07 aq:30.90 tex:125 mv:220 misc:439 imb:0 pmb:85 smb:835 d:s ref:0 ;
in:122 out:123 type:b dur:2 cpbdur:2 q:30.99 aq:30.49 tex:1393 mv:1113 misc:398 imb:2 pmb:89 smb:829 d:- ref:0 ;
in:127 out:124 type:P dur:2 cpbdur:2 q:30.24 aq:24.01 tex:21881 mv:2918 misc:817 imb:12 pmb:444 smb:464 d:s ref:0 ;
in:125 out:125 type:B dur:2 cpbdur:2 q:30.89 aq:27.66 tex:1295 mv:966 misc:475 imb:1 pmb:112 smb:807 d:s ref:0 ;
in:124 out:126 type:b dur:2 cpbdur:2 q:31.12 aq:31.06 tex:789 mv:716 misc:343 imb:0 pmb:65 smb:855 d:s ref:0 ;
in:126 out:127 type:b dur:2 cpbdur:2 q:30.93 aq:23.80 tex:69 mv:87 misc:236 imb:0 pmb:26 smb:894 d:- ref:0 ;
in:130 out:128 type:P dur:2 cpbdur:2 q:30.22 aq:23.33 tex:20211 mv:2644 misc:825 imb:13 pmb:415 smb:492 d:s ref:0 ;
in:128 out:129 type:B dur:2 cpbdur:2 q:30.58 aq:29.57 tex:1847 mv:1247 misc:570 imb:2 pmb:132 smb:786 d:s ref:0 ;
in:129 out:130 type:b dur:2 cpbdur:2 q:30.72 aq:30.62 tex:313 mv:298 misc:245 imb:0 pmb:35 smb:885 d:- ref:0 ;
in:134 out:131 type:P dur:2 cpbdur:2 q:29.14 aq:22.79 tex:19863 mv:2579 misc:910 imb:25 pmb:445 smb:450 d:s ref:0 ;
in:132 out:132 type:B dur:2 cpbdur:2 q:30.31 aq:29.64 tex:1464 mv:883 misc:437 imb:1 pmb:81 smb:838 d:s ref:0 ;
in:131 out:133 type:b dur:2 cpbdur:2 q:30.44 aq:25.69 tex:59 mv:131 misc:242 imb:0 pmb:33 smb:887 d:s ref:0 ;
in:133 out:134 type:b dur:2 cpbdur:2 q:30.40 aq:30.12 tex:742 mv:634 misc:320 imb:0 pmb:51 smb:869 d:- ref:0 ;
in:138 out:135 type:P dur:2 cpbdur:2 q:29.17 aq:23.43 tex:25525 mv:3110 misc:765 imb:47 pmb:398 smb:475 d:s ref:0 ;
in:136 out:136 type:B dur:2 cpbdur:2 q:29.41 aq:25.60 tex:6380 mv:2407 misc:581 imb:8 pmb:189 smb:723 d:t ref:0 ;
in:135 out:137 type:b dur:2 cpbdur:2 q:29.64 aq:23.77 tex:102 mv:268 misc:406 imb:0 pmb:76 smb:844 d:s ref:0 ;
in:137 out:138 type:b dur:2 cpbdur:2 q:29.47 aq:27.02 tex:1856 mv:1038 misc:370 imb:2 pmb:93 smb:825 d:- ref:0 ;
in:142 out:139 type:P dur:2 cpbdur:2 q:29.33 aq:23.56 tex:21543 mv:2807 misc:746 imb:46 pmb:348 smb:526 d:s ref:0 ;
in:140 out:140 type:B dur:2 cpbdur:2 q:29.50 aq:26.93 tex:6130 mv:2209 misc:581 imb:6 pmb:187 smb:727 d:s ref:0 ;
in:139 out:141 type:b dur:2 cpbdur:2 q:29.82 aq:26.35 tex:1740 mv:1085 misc:367 imb:0 pmb:88 smb:832 d:s ref:0 ;
in:141 out:142 type:b dur:2 cpbdur:2 q:29.58 aq:26.85 tex:88 mv:260 misc:404 imb:0 pmb:80 smb:840 d:- ref:0 ;
in:145 out:143 type:P dur:2 cpbdur:2 q:30.10 aq:24.32 tex:25204 mv:3312 misc:564 imb:38 pmb:321 smb:561 d:s ref:0 ;
in:143 out:144 type:B dur:2 cpbdur:2 q:30.10 aq:28.22 tex:3751 mv:2081 misc:464 imb:2 pmb:154 smb:764 d:t ref:0 ;
in:144 out:145 type:b dur:2 cpbdur:2 q:30.11 aq:30.12 tex:1619 mv:1206 misc:439 imb:1 pmb:125 smb:794 d:- ref:0 ;
in:149 out:146 type:P dur:2 cpbdur:2 q:29.63 aq:23.99 tex:27657 mv:3270 misc:665 imb:38 pmb:325 smb:557 d:s ref:0 ;
in:147 out:147 type:B dur:2 cpbdur:2 q:30.14 aq:29.38 tex:2133 mv:1764 misc:487 imb:1 pmb:149 smb:770 d:s ref:0 ;
in:146 out:148 type:b dur:2 cpbdur:2 q:30.15 aq:22.08 tex:34 mv:173 misc:313 imb:0 pmb:52 smb:868 d:s ref:0 ;
in:148 out:149 type:b dur:2 cpbdur:2 q:30.13 aq:30.08 tex:1401 mv:1077 misc:394 imb:0 pmb:106 smb:814 d:- ref:0 ;
in:153 out:150 type:P dur:2 cpbdur:2 q:29.32 aq:23.62 tex:26861 mv:3434 misc:657 imb:48 pmb:339 smb:533 d:s ref:0 ;
in:151 out:151 type:B dur:2 cpbdur:2 q:29.74 aq:26.64 tex:5668 mv:2442 misc:602 imb:2 pmb:223 smb:695 d:s ref:0 ;
in:150 out:152 type:b dur:2 cpbdur:2 q:30.06 aq:29.31 tex:73 mv:166 misc:369 imb:0 pmb:60 smb:860 d:s ref:0 ;
in:152 out:153 type:b dur:2 cpbdur:2 q:29.76 aq:28.94 tex:1454 mv:1330 misc:440 imb:0 pmb:111 smb:809 d:- ref:0 ;
in:157 out:154 type:P dur:2 cpbdur:2 q:29.06 aq:24.84 tex:17757 mv:2511 misc:572 imb:10 pmb:290 smb:620 d:s ref:0 ;
in:155 out:155 type:B dur:2 cpbdur:2 q:29.45 aq:27.42 tex:2174 mv:1131 misc:583 imb:0 pmb:163 smb:757 d:s ref:0 ;
in:154 out:156 type:b dur:2 cpbdur:2 q:29.75 aq:28.79 tex:680 mv:862 misc:378 imb:0 pmb:93 smb:827 d:s ref:0 ;
in:156 out:157 type:b dur:2 cpbdur:2 q:29.51 aq:20.04 tex:33 mv:107 misc:268 imb:0 pmb:36 smb:884 d:- ref:0 ;
in:160 out:158 type:P dur:2 cpbdur:2 q:29.06 aq:24.18 tex:16583 mv:2614 misc:627 imb:12 pmb:312 smb:596 d:s ref:0 ;
in:158 out:159 type:B dur:2 cpbdur:2 q:29.39 aq:28.48 tex:1894 mv:1269 misc:469 imb:0 pmb:124 smb:796 d:s ref:0 ;
in:159 out:160 type:b dur:2 cpbdur:2 q:29.48 aq:29.22 tex:432 mv:478 misc:346 imb:0 pmb:60 smb:860 d:- ref:0 ;
in:164 out:161 type:P dur:2 cpbdur:2 q:28.16 aq:27.11 tex:11145 mv:2534 misc:617 imb:17 pmb:260 smb:643 d:s ref:0 ;
in:162 out:162 type:B dur:2 cpbdur:2 q:29.23 aq:29.62 tex:2243 mv:1635 misc:490 imb:0 pmb:145 smb:775 d:t ref:0 ;
in:161 out:163 type:b dur:2 cpbdur:2 q:29.35 aq:25.15 tex:105 mv:369 misc:446 imb:0 pmb:94 smb:826 d:s ref:0 ;
in:163 out:164 type:b dur:2 cpbdur:2 q:29.32 aq:28.65 tex:1387 mv:1183 misc:454 imb:0 pmb:119 smb:801 d:- ref:0 ;
in:165 out:165 type:I dur:2 cpbdur:2 q:24.49 aq:16.85 tex:154227 mv:34330 misc:123 imb:920 pmb:0 smb:0 d:s ref:;
in:169 out:166 type:P dur:2 cpbdur:2 q:29.02 aq:21.70 tex:8185 mv:2497 misc:718 imb:43 pmb:245 smb:632 d:s ref:0 ;
in:167 out:167 type:B dur:2 cpbdur:2 q:29.28 aq:29.57 tex:2549 mv:990 misc:405 imb:8 pmb:92 smb:820 d:s ref:0 ;
in:166 out:168 type:b dur:2 cpbdur:2 q:29.54 aq:25.00 tex:4 mv:3 misc:129 imb:0 pmb:1 smb:919 d:s ref:0 ;
in:168 out:169 type:b dur:2 cpbdur:2 q:29.54 aq:28.34 tex:1378 mv:1143 misc:359 imb:4 pmb:88 smb:828 d:- ref:0 ;
in:173 out:170 type:P dur:2 cpbdur:2 q:29.33 aq:23.41 tex:8559 mv:3250 misc:815 imb:36 pmb:316 smb:568 d:s ref:0 ;
in:171 out:171 type:B dur:2 cpbdur:2 q:29.46 aq:25.55 tex:2311 mv:1476 misc:477 imb:7 pmb:106 smb:807 d:s ref:0 ;
in:170 out:172 type:b dur:2 cpbdur:2 q:29.74 aq:29.34 tex:37 mv:109 misc:230 imb:0 pmb:16 smb:904 d:s ref:0 ;
in:172 out:173 type:b dur:2 cpbdur:2 q:29.73 aq:31.14 tex:858 mv:790 misc:328 imb:3 pmb:57 smb:860 d:- ref:0 ;
in:177 out:174 type:P dur:2 cpbdur:2 q:29.00 aq:22.14 tex:8162 mv:3304 misc:894 imb:53 pmb:348 smb:519 d:s ref:0 ;
in:175 out:175 type:B dur:2 cpbdur:2 q:29.63 aq:24.76 tex:1485 mv:1414 misc:653 imb:3 pmb:164 smb:753 d:s ref:0 ;
in:174 out:176 type:b dur:2 cpbdur:2 q:29.92 aq:29.05 tex:718 mv:981 misc:413 imb:2 pmb:80 smb:838 d:s ref:0 ;
in:176 out:177 type:b dur:2 cpbdur:2 q:29.87 aq:28.00 tex:4 mv:3 misc:129 imb:0 pmb:1 smb:919 d:- ref:0 ;
in:180 out:178 type:P dur:2 cpbdur:2 q:28.79 aq:21.55 tex:6934 mv:3036 misc:934 imb:29 pmb:406 smb:485 d:s ref:0 ;
in:178 out:179 type:B dur:2 cpbdur:2 q:29.33 aq:26.65 tex:664 mv:611 misc:325 imb:1 pmb:50 smb:869 d:t ref:0 ;
in:179 out:180 type:b dur:2 cpbdur:2 q:29.61 aq:26.85 tex:383 mv:446 misc:299 imb:2 pmb:37 smb:881 d:- ref:0 ;
in:184 out:181 type:P dur:2 cpbdur:2 q:28.65 aq:22.48 tex:6861 mv:2780 misc:887 imb:27 pmb:337 smb:556 d:s ref:0 ;
in:182 out:182 type:B dur:2 cpbdur:2 q:29.29 aq:25.16 tex:793 mv:879 misc:544 imb:1 pmb:108 smb:811 d:s ref:0 ;
in:181 out:183 type:b dur:2 cpbdur:2 q:29.49 aq:27.15 tex:130 mv:73 misc:205 imb:0 pmb:15 smb:905 d:s ref:0 ;
in:183 out:184 type:b dur:2 cpbdur:2 q:29.48 aq:27.37 tex:594 mv:788 misc:458 imb:2 pmb:81 smb:837 d:- ref:0 ;
in:188 out:185 type:P dur:2 cpbdur:2 q:29.66 aq:22.47 tex:67853 mv:10059 misc:216 imb:325 pmb:587 smb:8 d:s ref:0 ;
in:186 out:186 type:B dur:2 cpbdur:2 q:29.93 aq:26.95 tex:1973 mv:973 misc:494 imb:3 pmb:114 smb:803 d:s ref:0 ;
in:185 out:187 type:b dur:2 cpbdur:2 q:29.98 aq:31.02 tex:61 mv:180 misc:311 imb:0 pmb:38 smb:882 d:s ref:0 ;
in:187 out:188 type:b dur:2 cpbdur:2 q:29.93 aq:30.05 tex:1329 mv:913 misc:462 imb:3 pmb:93 smb:824 d:- ref:0 ;
in:192 out:189 type:P dur:2 cpbdur:2 q:29.41 aq:22.68 tex:9917 mv:3046 misc:1005 imb:24 pmb:472 smb:424 d:s ref:0 ;
in:190 out:190 type:B dur:2 cpbdur:2 q:29.70 aq:24.78 tex:1861 mv:1561 misc:746 imb:1 pmb:208 smb:711 d:s ref:0 ;
in:189 out:191 type:b dur:2 cpbdur:2 q:29.81 aq:30.18 tex:1085 mv:605 misc:318 imb:3 pmb:53 smb:864 d:s ref:0 ;
in:191 out:192 type:b dur:2 cpbdur:2 q:29.71 aq:19.03 tex:31 mv:154 misc:271 imb:0 pmb:30 smb:890 d:- ref:0 ;
in:196 out:193 type:P dur:2 cpbdur:2 q:29.81 aq:22.96 tex:17995 mv:4529 misc:916 imb:107 pmb:483 smb:330 d:s ref:0 ;
in:194 out:194 type:B dur:2 cpbdur:2 q:29.76 aq:26.75 tex:2582 mv:1678 misc:708 imb:7 pmb:204 smb:709 d:s ref:0 ;
in:193 out:195 type:b dur:2 cpbdur:2 q:29.78 aq:28.52 tex:1264 mv:1378 misc:526 imb:2 pmb:117 smb:801 d:s ref:0 ;
in:195 out:196 type:b dur:2 cpbdur:2 q:29.78 aq:22.00 tex:73 mv:168 misc:487 imb:0 pmb:82 smb:838 d:- ref:0 ;
in:200 out:197 type:P dur:2 cpbdur:2 q:29.00 aq:22.26 tex:15081 mv:4347 misc:892 imb:52 pmb:558 smb:310 d:s ref:0 ;
in:198 out:198 type:B dur:2 cpbdur:2 q:29.78 aq:25.65 tex:4004 mv:2004 misc:728 imb:7 pmb:235 smb:678 d:s ref:0 ;
in:197 out:199 type:b dur:2 cpbdur:2 q:29.81 aq:26.74 tex:1188 mv:2010 misc:794 imb:1 pmb:245 smb:674 d:s ref:0 ;
in:199 out:200 type:b dur:2 cpbdur:2 q:29.75 aq:29.41 tex:710 mv:651 misc:343 imb:1 pmb:69 smb:850 d:- ref:0 ;
in:204 out:201 type:P dur:2 cpbdur:2 q:27.68 aq:22.11 tex:14288 mv:3508 misc:884 imb:43 pmb:513 smb:364 d:s ref:0 ;
in:202 out:202 type:B dur:2 cpbdur:2 q:29.17 aq:26.10 tex:1375 mv:780 misc:317 imb:5 pmb:64 smb:851 d:s ref:0 ;
in:201 out:203 type:b dur:2 cpbdur:2 q:29.42 aq:29.00 tex:67 mv:72 misc:213 imb:0 pmb:15 smb:905 d:s ref:0 ;
in:203 out:204 type:b dur:2 cpbdur:2 q:29.35 aq:31.44 tex:1156 mv:697 misc:251 imb:5 pmb:52 smb:863 d:- ref:0 ;
in:208 out:205 type:P dur:2 cpbdur:2 q:27.79 aq:24.03 tex:14094 mv:4263 misc:859 imb:76 pmb:402 smb:442 d:s ref:0 ;
in:206 out:206 type:B dur:2 cpbdur:2 q:29.24 aq:25.50 tex:4471 mv:2484 misc:741 imb:8 pmb:224 smb:688 d:s ref:0 ;
in:205 out:207 type:b dur:2 cpbdur:2 q:29.29 aq:22.76 tex:107 mv:128 misc:285 imb:1 pmb:28 smb:891 d:s ref:0 ;
in:207 out:208 type:b dur:2 cpbdur:2 q:29.24 aq:28.73 tex:1969 mv:1723 misc:548 imb:2 pmb:147 smb:771 d:- ref:0 ;
in:211 out:209 type:P dur:2 cpbdur:2 q:28.50 aq:26.06 tex:16650 mv:4758 misc:720 imb:172 pmb:300 smb:448 d:s ref:0 ;
in:209 out:210 type:B dur:2 cpbdur:2 q:28.50 aq:27.28 tex:4411 mv:2331 misc:610 imb:12 pmb:194 smb:714 d:s ref:0 ;
in:210 out:211 type:b dur:2 cpbdur:2 q:28.50 aq:26.04 tex:768 mv:647 misc:665 imb:1 pmb:146 smb:773 d:- ref:0 ;
in:212 out:212 type:I dur:2 cpbdur:2 q:24.83 aq:19.98 tex:185515 mv:33503 misc:134 imb:920 pmb:0 smb:0 d:s ref:;
in:215 out:213 type:P dur:2 cpbdur:2 q:28.98 aq:24.57 tex:34529 mv:5533 misc:738 imb:104 pmb:530 smb:286 d:s ref:0 ;
in:213 out:214 type:B dur:2 cpbdur:2 q:28.98 aq:29.64 tex:3898 mv:3196 misc:722 imb:4 pmb:253 smb:663 d:t ref:0 ;
in:214 out:215 type:b dur:2 cpbdur:2 q:28.98 aq:29.33 tex:4250 mv:2824 misc:606 imb:7 pmb:201 smb:712 d:- ref:0 ;
in:219 out:216 type:P dur:2 cpbdur:2 q:29.25 aq:24.56 tex:44395 mv:6427 misc:618 imb:128 pmb:549 smb:243 d:s ref:0 ;
in:217 out:217 type:B dur:2 cpbdur:2 q:29.26 aq:28.94 tex:8259 mv:4628 misc:777 imb:17 pmb:342 smb:561 d:s ref:0 ;
in:216 out:218 type:b dur:2 cpbdur:2 q:29.26 aq:22.12 tex:37 mv:251 misc:544 imb:0 pmb:114 smb:806 d:s ref:0 ;
in:218 out:219 type:b dur:2 cpbdur:2 q:29.26 aq:29.93 tex:7082 mv:3970 misc:620 imb:32 pmb:246 smb:642 d:- ref:0 ;
in:223 out:220 type:P dur:2 cpbdur:2 q:29.53 aq:24.77 tex:38085 mv:5693 misc:686 imb:65 pmb:610 smb:245 d:s ref:0 ;
in:221 out:221 type:B dur:2 cpbdur:2 q:29.51 aq:28.05 tex:7904 mv:4091 misc:869 imb:6 pmb:369 smb:545 d:s ref:0 ;
in:220 out:222 type:b dur:2 cpbdur:2 q:29.51 aq:26.68 tex:49 mv:443 misc:580 imb:0 pmb:128 smb:792 d:s ref:0 ;
in:222 out:223 type:b dur:2 cpbdur:2 q:29.52 aq:31.14 tex:2663 mv:2471 misc:642 imb:1 pmb:205 smb:714 d:- ref:0 ;
in:225 out:224 type:P dur:2 cpbdur:2 q:29.60 aq:24.57 tex:36327 mv:5287 misc:778 imb:48 pmb:625 smb:247 d:s ref:0 ;
in:224 out:225 type:b dur:2 cpbdur:2 q:29.60 aq:29.92 tex:2928 mv:2946 misc:646 imb:1 pmb:197 smb:722 d:t ref:0 ;
in:229 out:226 type:P dur:2 cpbdur:2 q:29.73 aq:25.24 tex:33365 mv:5178 misc:769 imb:51 pmb:562 smb:307 d:s ref:0 ;
in:227 out:227 type:B dur:2 cpbdur:2 q:29.73 aq:30.82 tex:4139 mv:3522 misc:747 imb:3 pmb:270 smb:647 d:s ref:0 ;
in:226 out:228 type:b dur:2 cpbdur:2 q:29.73 aq:25.00 tex:30 mv:520 misc:546 imb:0 pmb:122 smb:798 d:s ref:0 ;
in:228 out:229 type:b dur:2 cpbdur:2 q:29.73 aq:30.99 tex:2708 mv:2155 misc:585 imb:6 pmb:165 smb:749 d:- ref:0 ;
in:233 out:230 type:P dur:2 cpbdur:2 q:29.76 aq:25.57 tex:38484 mv:6384 misc:660 imb:80 pmb:656 smb:184 d:s ref:0 ;
in:231 out:231 type:B dur:2 cpbdur:2 q:29.76 aq:27.83 tex:6160 mv:3881 misc:815 imb:1 pmb:319 smb:600 d:s ref:0 ;
in:230 out:232 type:b dur:2 cpbdur:2 q:29.76 aq:25.00 tex:23 mv:275 misc:518 imb:0 pmb:104 smb:816 d:s ref:0 ;
in:232 out:233 type:b dur:2 cpbdur:2 q:29.76 aq:31.50 tex:3379 mv:2777 misc:596 imb:1 pmb:185 smb:734 d:- ref:0 ;
in:235 out:234 type:P dur:2 cpbdur:2 q:29.77 aq:24.57 tex:38097 mv:6004 misc:715 imb:56 pmb:690 smb:174 d:s ref:0 ;
in:234 out:235 type:b dur:2 cpbdur:2 q:29.77 aq:31.98 tex:2939 mv:2597 misc:576 imb:2 pmb:170 smb:748 d:t ref:0 ;
in:239 out:236 type:P dur:2 cpbdur:2 q:29.88 aq:25.30 tex:36044 mv:5831 misc:749 imb:44 pmb:643 smb:233 d:s ref:0 ;
in:237 out:237 type:B dur:2 cpbdur:2 q:29.87 aq:30.05 tex:3723 mv:3353 misc:788 imb:2 pmb:275 smb:643 d:s ref:0 ;
in:236 out:238 type:b dur:2 cpbdur:2 q:29.87 aq:29.98 tex:75 mv:469 misc:432 imb:0 pmb:90 smb:830 d:s ref:0 ;
in:238 out:239 type:b dur:2 cpbdur:2 q:29.88 aq:32.01 tex:2040 mv:2257 misc:639 imb:1 pmb:186 smb:733 d:- ref:0 ;
in:243 out:240 type:P dur:2 cpbdur:2 q:29.92 aq:26.44 tex:24417 mv:4924 misc:827 imb:40 pmb:576 smb:304 d:s ref:0 ;
in:241 out:241 type:B dur:2 cpbdur:2 q:29.92 aq:28.83 tex:4213 mv:3152 misc:787 imb:1 pmb:301 smb:618 d:s ref:0 ;
in:240 out:242 type:b dur:2 cpbdur:2 q:29.92 aq:25.00 tex:24 mv:334 misc:506 imb:0 pmb:95 smb:825 d:s ref:0 ;
in:242 out:243 type:b dur:2 cpbdur:2 q:29.92 aq:31.17 tex:1510 mv:1939 misc:615 imb:1 pmb:163 smb:756 d:- ref:0 ;
in:245 out:244 type:P dur:2 cpbdur:2 q:29.93 aq:26.51 tex:21136 mv:4682 misc:790 imb:31 pmb:580 smb:309 d:s ref:0 ;
in:244 out:245 type:b dur:2 cpbdur:2 q:29.93 aq:31.07 tex:1512 mv:1837 misc:587 imb:0 pmb:149 smb:771 d:t ref:0 ;
in:249 out:246 type:P dur:2 cpbdur:2 q:29.97 aq:29.98 tex:8571 mv:3394 misc:763 imb:25 pmb:371 smb:524 d:s ref:0 ;
in:247 out:247 type:B dur:2 cpbdur:2 q:29.97 aq:30.15 tex:4290 mv:2434 misc:748 imb:3 pmb:246 smb:671 d:s ref:0 ;
in:246 out:248 type:b dur:2 cpbdur:2 q:29.97 aq:31.23 tex:76 mv:330 misc:434 imb:0 pmb:76 smb:844 d:s ref:0 ;
in:248 out:249 type:b dur:2 cpbdur:2 q:29.97 aq:31.77 tex:1278 mv:1540 misc:582 imb:0 pmb:145 smb:775 d:- ref:0 ;
in:250 out:250 type:I dur:2 cpbdur:2 q:26.47 aq:18.16 tex:201769 mv:39933 misc:122 imb:920 pmb:0 smb:0 d:s ref:;
in:254 out:251 type:P dur:2 cpbdur:2 q:29.87 aq:21.95 tex:5585 mv:673 misc:590 imb:4 pmb:154 smb:762 d:s ref:0 ;
in:252 out:252 type:B dur:2 cpbdur:2 q:29.87 aq:28.00 tex:4 mv:31 misc:181 imb:0 pmb:11 smb:909 d:s ref:0 ;
in:251 out:253 type:b dur:2 cpbdur:2 q:29.87 aq:29.00 tex:0 mv:0 misc:120 imb:0 pmb:0 smb:920 d:s ref:0 ;
in:253 out:254 type:b dur:2 cpbdur:2 q:29.87 aq:29.55 tex:89 mv:42 misc:173 imb:0 pmb:7 smb:913 d:- ref:0 ;
in:256 out:255 type:P dur:2 cpbdur:2 q:29.75 aq:22.11 tex:4879 mv:739 misc:654 imb:3 pmb:198 smb:719 d:s ref:0 ;
in:255 out:256 type:b dur:2 cpbdur:2 q:29.87 aq:29.00 tex:2 mv:17 misc:165 imb:0 pmb:6 smb:914 d:t ref:0 ;
in:258 out:257 type:P dur:2 cpbdur:2 q:30.05 aq:22.00 tex:12328 mv:1431 misc:801 imb:10 pmb:328 smb:582 d:s ref:0 ;
in:257 out:258 type:b dur:2 cpbdur:2 q:30.18 aq:30.53 tex:191 mv:118 misc:211 imb:0 pmb:19 smb:901 d:t ref:0 ;
in:259 out:259 type:P dur:2 cpbdur:2 q:30.14 aq:21.72 tex:6850 mv:1138 misc:860 imb:7 pmb:283 smb:630 d:s ref:0 ;
in:263 out:260 type:P dur:2 cpbdur:2 q:30.76 aq:22.41 tex:15989 mv:2114 misc:785 imb:26 pmb:393 smb:501 d:s ref:0 ;
in:261 out:261 type:B dur:2 cpbdur:2 q:30.76 aq:26.95 tex:229 mv:102 misc:277 imb:0 pmb:30 smb:890 d:s ref:0 ;
in:260 out:262 type:b dur:2 cpbdur:2 q:30.76 aq:27.00 tex:3 mv:21 misc:152 imb:0 pmb:6 smb:914 d:s ref:0 ;
in:262 out:263 type:b dur:2 cpbdur:2 q:30.76 aq:29.57 tex:174 mv:126 misc:260 imb:0 pmb:26 smb:894 d:- ref:0 ;
in:267 out:264 type:P dur:2 cpbdur:2 q:29.99 aq:21.74 tex:16871 mv:2092 misc:893 imb:15 pmb:472 smb:433 d:s ref:0 ;
in:265 out:265 type:B dur:2 cpbdur:2 q:30.73 aq:26.47 tex:734 mv:227 misc:247 imb:3 pmb:35 smb:882 d:s ref:0 ;
in:264 out:266 type:b dur:2 cpbdur:2 q:30.82 aq:28.00 tex:7 mv:36 misc:189 imb:0 pmb:15 smb:905 d:s ref:0 ;
in:266 out:267 type:b dur:2 cpbdur:2 q:30.72 aq:26.00 tex:8 mv:64 misc:192 imb:0 pmb:16 smb:904 d:- ref:0 ;
in:271 out:268 type:P dur:2 cpbdur:2 q:29.94 aq:21.56 tex:22389 mv:2010 misc:945 imb:15 pmb:475 smb:430 d:s ref:0 ;
in:269 out:269 type:B dur:2 cpbdur:2 q:30.11 aq:26.99 tex:548 mv:124 misc:224 imb:0 pmb:34 smb:886 d:s ref:0 ;
in:268 out:270 type:b dur:2 cpbdur:2 q:30.20 aq:28.86 tex:817 mv:119 misc:224 imb:0 pmb:29 smb:891 d:s ref:0 ;
in:270 out:271 type:b dur:2 cpbdur:2 q:30.11 aq:25.52 tex:75 mv:65 misc:236 imb:0 pmb:21 smb:899 d:- ref:0 ;
in:275 out:272 type:P dur:2 cpbdur:2 q:29.79 aq:21.39 tex:32832 mv:3395 misc:701 imb:18 pmb:720 smb:182 d:s ref:0 ;
in:273 out:273 type:B dur:2 cpbdur:2 q:30.13 aq:29.43 tex:195 mv:217 misc:316 imb:0 pmb:43 smb:877 d:s ref:0 ;
in:272 out:274 type:b dur:2 cpbdur:2 q:30.20 aq:28.20 tex:192 mv:60 misc:188 imb:0 pmb:16 smb:904 d:s ref:0 ;
in:274 out:275 type:b dur:2 cpbdur:2 q:30.15 aq:31.78 tex:259 mv:119 misc:214 imb:0 pmb:23 smb:897 d:- ref:0 ;
in:278 out:276 type:P dur:2 cpbdur:2 q:29.77 aq:21.13 tex:8407 mv:1089 misc:936 imb:5 pmb:327 smb:588 d:s ref:0 ;
in:276 out:277 type:B dur:2 cpbdur:2 q:29.93 aq:25.00 tex:3 mv:29 misc:160 imb:0 pmb:6 smb:914 d:s ref:0 ;
in:277 out:278 type:b dur:2 cpbdur:2 q:29.95 aq:27.00 tex:5 mv:26 misc:169 imb:0 pmb:9 smb:911 d:- ref:0 ;
in:282 out:279 type:P dur:2 cpbdur:2 q:29.74 aq:21.30 tex:12584 mv:1570 misc:1014 imb:14 pmb:400 smb:506 d:s ref:0 ;
in:280 out:280 type:B dur:2 cpbdur:2 q:29.84 aq:24.31 tex:509 mv:100 misc:247 imb:0 pmb:25 smb:895 d:s ref:0 ;
in:279 out:281 type:b dur:2 cpbdur:2 q:29.84 aq:29.67 tex:69 mv:46 misc:173 imb:0 pmb:12 smb:908 d:s ref:0 ;
in:281 out:282 type:b dur:2 cpbdur:2 q:29.84 aq:23.85 tex:25 mv:43 misc:188 imb:0 pmb:10 smb:910 d:- ref:0 ;
in:284 out:283 type:P dur:2 cpbdur:2 q:29.77 aq:21.15 tex:12985 mv:1487 misc:936 imb:9 pmb:388 smb:523 d:s ref:0 ;
in:283 out:284 type:b dur:2 cpbdur:2 q:29.84 aq:29.51 tex:181 mv:73 misc:194 imb:0 pmb:15 smb:905 d:s ref:0 ;
in:286 out:285 type:P dur:2 cpbdur:2 q:29.47 aq:21.18 tex:5618 mv:663 misc:887 imb:3 pmb:243 smb:674 d:s ref:0 ;
in:285 out:286 type:b dur:2 cpbdur:2 q:29.78 aq:24.54 tex:25 mv:16 misc:151 imb:0 pmb:5 smb:915 d:s ref:0 ;
in:288 out:287 type:P dur:2 cpbdur:2 q:29.48 aq:21.75 tex:7636 mv:697 misc:851 imb:3 pmb:243 smb:674 d:s ref:0 ;
in:287 out:288 type:b dur:2 cpbdur:2 q:29.54 aq:27.82 tex:67 mv:23 misc:150 imb:0 pmb:7 smb:913 d:s ref:0 ;
in:292 out:289 type:P dur:2 cpbdur:2 q:29.57 aq:22.29 tex:5245 mv:593 misc:634 imb:2 pmb:132 smb:786 d:s ref:0 ;
in:290 out:290 type:B dur:2 cpbdur:2 q:29.61 aq:25.38 tex:527 mv:125 misc:236 imb:0 pmb:25 smb:895 d:s ref:0 ;
in:289 out:291 type:b dur:2 cpbdur:2 q:29.61 aq:27.00 tex:1 mv:22 misc:153 imb:0 pmb:6 smb:914 d:s ref:0 ;
in:291 out:292 type:b dur:2 cpbdur:2 q:29.61 aq:27.00 tex:2 mv:20 misc:146 imb:0 pmb:7 smb:913 d:- ref:0 ;
in:296 out:293 type:P dur:2 cpbdur:2 q:29.47 aq:22.18 tex:24245 mv:2333 misc:886 imb:16 pmb:624 smb:280 d:s ref:0 ;
in:294 out:294 type:B dur:2 cpbdur:2 q:29.61 aq:25.19 tex:575 mv:172 misc:333 imb:0 pmb:48 smb:872 d:s ref:0 ;
in:293 out:295 type:b dur:2 cpbdur:2 q:29.67 aq:27.10 tex:395 mv:67 misc:218 imb:0 pmb:18 smb:902 d:s ref:0 ;
in:295 out:296 type:b dur:2 cpbdur:2 q:29.61 aq:27.00 tex:4 mv:28 misc:176 imb:0 pmb:13 smb:907 d:- ref:0 ;
in:298 out:297 type:P dur:2 cpbdur:2 q:29.11 aq:21.68 tex:8272 mv:819 misc:925 imb:3 pmb:303 smb:614 d:s ref:0 ;
in:297 out:298 type:b dur:2 cpbdur:2 q:29.51 aq:24.52 tex:22 mv:19 misc:159 imb:0 pmb:6 smb:914 d:s ref:0 ;
in:299 out:299 type:P dur:2 cpbdur:2 q:29.02 aq:21.86 tex:6363 mv:722 misc:867 imb:1 pmb:257 smb:662 d:s ref:0 ;
in:301 out:300 type:P dur:2 cpbdur:2 q:29.22 aq:21.97 tex:7524 mv:808 misc:908 imb:6 pmb:277 smb:637 d:s ref:0 ;
in:300 out:301 type:b dur:2 cpbdur:2 q:29.36 aq:24.17 tex:35 mv:38 misc:191 imb:0 pmb:12 smb:908 d:s ref:0 ;
in:304 out:302 type:P dur:2 cpbdur:2 q:28.88 aq:22.44 tex:6464 mv:943 misc:777 imb:5 pmb:263 smb:652 d:s ref:0 ;
in:302 out:303 type:B dur:2 cpbdur:2 q:29.28 aq:22.66 tex:61 mv:15 misc:172 imb:0 pmb:4 smb:916 d:s ref:0 ;
in:303 out:304 type:b dur:2 cpbdur:2 q:29.35 aq:27.00 tex:3 mv:26 misc:163 imb:0 pmb:7 smb:913 d:- ref:0 ;
in:306 out:305 type:P dur:2 cpbdur:2 q:28.83 aq:22.17 tex:3933 mv:563 misc:808 imb:7 pmb:191 smb:722 d:s ref:0 ;
in:305 out:306 type:b dur:2 cpbdur:2 q:28.94 aq:27.00 tex:3 mv:12 misc:137 imb:0 pmb:4 smb:916 d:s ref:0 ;
in:310 out:307 type:P dur:2 cpbdur:2 q:28.95 aq:23.49 tex:16568 mv:1990 misc:842 imb:40 pmb:315 smb:565 d:s ref:0 ;
in:308 out:308 type:B dur:2 cpbdur:2 q:29.04 aq:28.06 tex:1254 mv:362 misc:376 imb:6 pmb:77 smb:837 d:s ref:0 ;
in:307 out:309 type:b dur:2 cpbdur:2 q:29.05 aq:27.49 tex:108 mv:68 misc:200 imb:0 pmb:17 smb:903 d:s ref:0 ;
in:309 out:310 type:b dur:2 cpbdur:2 q:29.03 aq:28.67 tex:1022 mv:265 misc:257 imb:0 pmb:47 smb:873 d:- ref:0 ;
in:314 out:311 type:P dur:2 cpbdur:2 q:28.44 aq:24.11 tex:6666 mv:887 misc:575 imb:16 pmb:168 smb:736 d:s ref:0 ;
in:312 out:312 type:B dur:2 cpbdur:2 q:28.98 aq:25.39 tex:711 mv:155 misc:286 imb:0 pmb:35 smb:885 d:s ref:0 ;
in:311 out:313 type:b dur:2 cpbdur:2 q:29.02 aq:27.00 tex:6 mv:55 misc:187 imb:0 pmb:18 smb:902 d:s ref:0 ;
in:313 out:314 type:b dur:2 cpbdur:2 q:28.98 aq:27.00 tex:8 mv:52 misc:212 imb:0 pmb:24 smb:896 d:- ref:0 ;
in:316 out:315 type:P dur:2 cpbdur:2 q:25.92 aq:24.62 tex:5096 mv:547 misc:573 imb:2 pmb:160 smb:758 d:s ref:0 ;
in:315 out:316 type:b dur:2 cpbdur:2 q:28.42 aq:25.78 tex:86 mv:60 misc:222 imb:0 pmb:21 smb:899 d:s ref:0 ;
in:317 out:317 type:I dur:2 cpbdur:2 q:24.85 aq:22.39 tex:73277 mv:32976 misc:115 imb:920 pmb:0 smb:0 d:s ref:;
in:318 out:318 type:P dur:2 cpbdur:2 q:26.68 aq:24.03 tex:30464 mv:6049 misc:599 imb:179 pmb:422 smb:319 d:s ref:0 ;
in:319 out:319 type:P dur:2 cpbdur:2 q:28.35 aq:25.93 tex:28219 mv:6435 misc:554 imb:242 pmb:406 smb:272 d:s ref:0 ;
in:322 out:320 type:P dur:2 cpbdur:2 q:28.30 aq:25.45 tex:47324 mv:8337 misc:355 imb:490 pmb:363 smb:67 d:s ref:0 ;
in:320 out:321 type:B dur:2 cpbdur:2 q:28.35 aq:25.21 tex:16436 mv:6550 misc:806 imb:77 pmb:508 smb:335 d:s ref:0 ;
in:321 out:322 type:b dur:2 cpbdur:2 q:28.35 aq:24.72 tex:182 mv:104 misc:234 imb:1 pmb:29 smb:890 d:- ref:0 ;
in:324 out:323 type:P dur:2 cpbdur:2 q:28.44 aq:25.02 tex:49639 mv:8051 misc:494 imb:368 pmb:453 smb:99 d:s ref:0 w:0,1,1 ;
in:323 out:324 type:b dur:2 cpbdur:2 q:28.43 aq:27.32 tex:13142 mv:6235 misc:807 imb:78 pmb:382 smb:460 d:s ref:0 ;
in:328 out:325 type:P dur:2 cpbdur:2 q:29.70 aq:26.50 tex:34721 mv:9051 misc:460 imb:179 pmb:677 smb:64 d:s ref:0 w:0,1,2 ;
in:326 out:326 type:B dur:2 cpbdur:2 q:29.67 aq:25.78 tex:13800 mv:6847 misc:809 imb:21 pmb:614 smb:285 d:s ref:0 ;
in:325 out:327 type:b dur:2 cpbdur:2 q:29.65 aq:32.00 tex:18 mv:11 misc:131 imb:0 pmb:2 smb:918 d:s ref:0 ;
in:327 out:328 type:b dur:2 cpbdur:2 q:29.68 aq:31.88 tex:41 mv:14 misc:145 imb:0 pmb:3 smb:917 d:- ref:0 ;
in:332 out:329 type:P dur:2 cpbdur:2 q:31.11 aq:27.78 tex:25216 mv:8804 misc:564 imb:364 pmb:445 smb:111 d:s ref:0 ;
in:330 out:330 type:B dur:2 cpbdur:2 q:31.08 aq:27.41 tex:18641 mv:7172 misc:643 imb:131 pmb:400 smb:389 d:s ref:0 ;
in:329 out:331 type:b dur:2 cpbdur:2 q:31.06 aq:30.45 tex:5116 mv:3263 misc:765 imb:21 pmb:292 smb:607 d:s ref:0 ;
in:331 out:332 type:b dur:2 cpbdur:2 q:31.09 aq:30.61 tex:94 mv:151 misc:275 imb:0 pmb:45 smb:875 d:- ref:0 ;
in:336 out:333 type:P dur:2 cpbdur:2 q:31.59 aq:27.45 tex:24728 mv:8598 misc:466 imb:339 pmb:458 smb:123 d:s ref:0 ;
in:334 out:334 type:B dur:2 cpbdur:2 q:31.58 aq:29.12 tex:6066 mv:4488 misc:862 imb:58 pmb:364 smb:498 d:s ref:0 ;
in:333 out:335 type:b dur:2 cpbdur:2 q:31.57 aq:30.48 tex:5485 mv:4111 misc:764 imb:60 pmb:302 smb:558 d:s ref:0 ;
in:335 out:336 type:b dur:2 cpbdur:2 q:31.58 aq:28.96 tex:119 mv:75 misc:222 imb:0 pmb:27 smb:893 d:- ref:0 ;
in:340 out:337 type:P dur:2 cpbdur:2 q:31.89 aq:26.90 tex:22822 mv:7567 misc:579 imb:268 pmb:461 smb:191 d:s ref:0 ;
in:338 out:338 type:B dur:2 cpbdur:2 q:31.88 aq:27.68 tex:5106 mv:4358 misc:792 imb:36 pmb:335 smb:549 d:s ref:0 ;
in:337 out:339 type:b dur:2 cpbdur:2 q:31.88 aq:30.64 tex:4440 mv:4010 misc:678 imb:38 pmb:276 smb:606 d:s ref:0 ;
in:339 out:340 type:b dur:2 cpbdur:2 q:31.88 aq:24.97 tex:46 mv:157 misc:293 imb:0 pmb:39 smb:881 d:- ref:0 ;
in:344 out:341 type:P dur:2 cpbdur:2 q:31.53 aq:27.44 tex:19744 mv:7225 misc:623 imb:226 pmb:503 smb:191 d:s ref:0 ;
in:342 out:342 type:B dur:2 cpbdur:2 q:31.88 aq:29.61 tex:3062 mv:4188 misc:790 imb:28 pmb:316 smb:576 d:s ref:0 ;
in:341 out:343 type:b dur:2 cpbdur:2 q:31.88 aq:24.68 tex:77 mv:298 misc:449 imb:0 pmb:91 smb:829 d:s ref:0 ;
in:343 out:344 type:b dur:2 cpbdur:2 q:31.88 aq:29.46 tex:1955 mv:3297 misc:628 imb:19 pmb:227 smb:674 d:- ref:0 ;
in:346 out:345 type:P dur:2 cpbdur:2 q:30.98 aq:26.30 tex:25431 mv:6658 misc:639 imb:189 pmb:550 smb:181 d:s ref:0 ;
in:345 out:346 type:b dur:2 cpbdur:2 q:31.52 aq:25.09 tex:65 mv:164 misc:451 imb:0 pmb:87 smb:833 d:s ref:0 ;
in:350 out:347 type:P dur:2 cpbdur:2 q:30.50 aq:25.70 tex:27828 mv:8204 misc:512 imb:168 pmb:667 smb:85 d:s ref:0 ;
in:348 out:348 type:B dur:2 cpbdur:2 q:30.97 aq:28.65 tex:3859 mv:4616 misc:853 imb:13 pmb:382 smb:525 d:s ref:0 ;
in:347 out:349 type:b dur:2 cpbdur:2 q:30.98 aq:28.30 tex:1214 mv:2703 misc:715 imb:3 pmb:216 smb:701 d:s ref:0 ;
in:349 out:350 type:b dur:2 cpbdur:2 q:30.97 aq:31.12 tex:1849 mv:2619 misc:796 imb:5 pmb:263 smb:652 d:- ref:0 ;
in:354 out:351 type:P dur:2 cpbdur:2 q:30.53 aq:28.00 tex:21836 mv:7280 misc:636 imb:291 pmb:435 smb:194 d:s ref:0 ;
in:352 out:352 type:B dur:2 cpbdur:2 q:30.52 aq:24.72 tex:135 mv:144 misc:377 imb:0 pmb:57 smb:863 d:s ref:0 ;
in:351 out:353 type:b dur:2 cpbdur:2 q:30.52 aq:22.00 tex:0 mv:0 misc:120 imb:0 pmb:0 smb:920 d:s ref:0 ;
in:353 out:354 type:b dur:2 cpbdur:2 q:30.52 aq:27.70 tex:8153 mv:5977 misc:654 imb:62 pmb:381 smb:477 d:- ref:0 ;
in:357 out:355 type:P dur:2 cpbdur:2 q:30.12 aq:28.11 tex:23807 mv:7809 misc:472 imb:379 pmb:377 smb:164 d:s ref:0 ;
in:355 out:356 type:B dur:2 cpbdur:2 q:30.52 aq:27.85 tex:14319 mv:8229 misc:660 imb:100 pmb:471 smb:349 d:s ref:0 ;
in:356 out:357 type:b dur:2 cpbdur:2 q:30.51 aq:23.47 tex:47 mv:77 misc:188 imb:0 pmb:21 smb:899 d:- ref:0 ;
in:358 out:358 type:P dur:2 cpbdur:2 q:29.69 aq:26.48 tex:33274 mv:8504 misc:470 imb:370 pmb:413 smb:137 d:s ref:0 ;
in:359 out:359 type:P dur:2 cpbdur:2 q:29.73 aq:25.95 tex:24299 mv:6204 misc:665 imb:183 pmb:487 smb:250 d:s ref:0 ;
in:363 out:360 type:P dur:2 cpbdur:2 q:30.43 aq:26.23 tex:41437 mv:8306 misc:521 imb:358 pmb:421 smb:141 d:s ref:0 ;
in:361 out:361 type:B dur:2 cpbdur:2 q:30.42 aq:26.64 tex:12518 mv:5708 misc:662 imb:50 pmb:441 smb:429 d:s ref:0 ;
in:360 out:362 type:b dur:2 cpbdur:2 q:30.41 aq:29.39 tex:218 mv:178 misc:412 imb:0 pmb:78 smb:842 d:s ref:0 ;
in:362 out:363 type:b dur:2 cpbdur:2 q:30.42 aq:30.64 tex:9777 mv:4525 misc:666 imb:57 pmb:308 smb:555 d:- ref:0 ;
in:366 out:364 type:P dur:2 cpbdur:2 q:30.01 aq:26.50 tex:35216 mv:8238 misc:586 imb:273 pmb:493 smb:154 d:s ref:0 w:6,63,1,6,61,6,64,0 ;
in:364 out:365 type:B dur:2 cpbdur:2 q:30.43 aq:26.03 tex:119 mv:103 misc:298 imb:0 pmb:31 smb:889 d:s ref:0 ;
in:365 out:366 type:b dur:2 cpbdur:2 q:30.42 aq:29.22 tex:272 mv:184 misc:400 imb:0 pmb:50 smb:870 d:- ref:0 ;
in:370 out:367 type:P dur:2 cpbdur:2 q:33.43 aq:28.37 tex:26606 mv:8555 misc:487 imb:329 pmb:478 smb:113 d:s ref:0 ;
in:368 out:368 type:B dur:2 cpbdur:2 q:33.36 aq:31.09 tex:7153 mv:5416 misc:743 imb:40 pmb:409 smb:471 d:s ref:0 ;
in:367 out:369 type:b dur:2 cpbdur:2 q:33.32 aq:33.39 tex:3335 mv:3533 misc:732 imb:18 pmb:275 smb:627 d:s ref:0 ;
in:369 out:370 type:b dur:2 cpbdur:2 q:33.39 aq:31.63 tex:2169 mv:2777 misc:806 imb:15 pmb:264 smb:641 d:- ref:0 ;
in:374 out:371 type:P dur:2 cpbdur:2 q:29.76 aq:26.99 tex:27437 mv:8010 misc:465 imb:179 pmb:645 smb:96 d:s ref:0 ;
in:372 out:372 type:B dur:2 cpbdur:2 q:33.35 aq:33.11 tex:1467 mv:2684 misc:729 imb:8 pmb:217 smb:695 d:s ref:0 ;
in:371 out:373 type:b dur:2 cpbdur:2 q:33.39 aq:24.00 tex:7 mv:129 misc:304 imb:0 pmb:36 smb:884 d:s ref:0 ;
in:373 out:374 type:b dur:2 cpbdur:2 q:33.31 aq:32.88 tex:860 mv:1726 misc:646 imb:1 pmb:169 smb:750 d:- ref:0 ;
in:376 out:375 type:P dur:2 cpbdur:2 q:29.88 aq:28.03 tex:11465 mv:4726 misc:817 imb:109 pmb:406 smb:405 d:s ref:0 w:7,127,0 ;
in:375 out:376 type:b dur:2 cpbdur:2 q:29.87 aq:28.21 tex:930 mv:476 misc:610 imb:2 pmb:125 smb:793 d:s ref:0 ;
